[04:59:20] [main/INFO]: Loading Minecraft 1.21.1 with Fabric Loader 0.17.3
[04:59:20] [ForkJoinPool-1-worker-9/WARN]: Mod com_github_rtyley_animated-gif-lib-for-java uses the version animated-gif-lib-1.7 which isn't compatible with Loader's extended semantic version format (Could not parse version number component 'animated'!), SemVer is recommended for reliably evaluating dependencies and prioritizing newer version
[04:59:21] [main/INFO]: Loading 73 mods:
	- chatworking 1.2.0
	- cmdcam 2.1.3-fabric
	- creativecore 2.13.14
	   \-- net_neoforged_bus 7.2.0
	- distanthorizons 2.4.2-b
	   |-- fabric-api-base 0.4.42+6573ed8c19
	   |-- fabric-command-api-v2 2.2.28+6ced4dd919
	   |-- fabric-events-interaction-v0 0.7.13+ba9dae0619
	   |-- fabric-key-binding-api-v1 1.0.47+0af3f5a719
	   |-- fabric-networking-api-v1 4.3.0+c7469b2119
	   |-- fabric-resource-loader-v0 1.3.1+5b5275af19
	   \-- fabric-screen-api-v1 2.0.25+8b68f1c719
	- dollmod 3.0.5
	- drippyloadingscreen 3.0.12
	- fabric-api 0.116.7+1.21.1
	   |-- fabric-api-lookup-api-v1 1.6.71+b559734419
	   |-- fabric-biome-api-v1 13.0.31+d527f9fd19
	   |-- fabric-block-api-v1 1.1.0+0bc3503219
	   |-- fabric-block-view-api-v2 1.0.11+ebb2264e19
	   |-- fabric-blockrenderlayer-v1 1.1.52+0af3f5a719
	   |-- fabric-client-tags-api-v1 1.1.15+6573ed8c19
	   |-- fabric-command-api-v1 1.2.49+f71b366f19
	   |-- fabric-commands-v0 0.2.66+df3654b319
	   |-- fabric-content-registries-v0 8.0.19+b559734419
	   |-- fabric-convention-tags-v1 2.1.5+7f945d5b19
	   |-- fabric-convention-tags-v2 2.11.1+a406e79519
	   |-- fabric-crash-report-info-v1 0.2.29+0af3f5a719
	   |-- fabric-data-attachment-api-v1 1.4.5+6116a37819
	   |-- fabric-data-generation-api-v1 20.2.34+37516cd619
	   |-- fabric-dimensions-v1 4.0.1+65213ef819
	   |-- fabric-entity-events-v1 1.8.0+2b27e0a419
	   |-- fabric-game-rule-api-v1 1.0.53+6ced4dd919
	   |-- fabric-item-api-v1 11.2.0+3b3cb2e819
	   |-- fabric-item-group-api-v1 4.1.7+def88e3a19
	   |-- fabric-keybindings-v0 0.2.45+df3654b319
	   |-- fabric-lifecycle-events-v1 2.6.0+0865547519
	   |-- fabric-loot-api-v2 3.0.15+3f89f5a519
	   |-- fabric-loot-api-v3 1.0.3+3f89f5a519
	   |-- fabric-message-api-v1 6.0.14+8aaf3aca19
	   |-- fabric-model-loading-api-v1 2.1.0+b4d813fc19
	   |-- fabric-object-builder-api-v1 15.2.1+40875a9319
	   |-- fabric-particles-v1 4.0.2+6573ed8c19
	   |-- fabric-recipe-api-v1 5.0.15+2475392c19
	   |-- fabric-registry-sync-v0 5.3.1+e3eddc2119
	   |-- fabric-renderer-api-v1 3.4.1+b4d813fc19
	   |-- fabric-renderer-indigo 1.7.1+c705a49c19
	   |-- fabric-renderer-registries-v1 3.2.69+df3654b319
	   |-- fabric-rendering-data-attachment-v1 0.3.49+73761d2e19
	   |-- fabric-rendering-fluids-v1 3.1.6+1daea21519
	   |-- fabric-rendering-v0 1.1.72+df3654b319
	   |-- fabric-rendering-v1 5.1.0+ab4c25a019
	   |-- fabric-resource-conditions-api-v1 4.3.0+8dc279b119
	   |-- fabric-screen-handler-api-v1 1.3.90+b559734419
	   |-- fabric-sound-api-v1 1.0.23+6573ed8c19
	   |-- fabric-transfer-api-v1 5.4.3+c24bd99419
	   \-- fabric-transitive-access-wideners-v1 6.2.0+45b9699719
	- fabricloader 0.17.3
	   \-- mixinextras 0.5.0
	- fancymenu 3.7.0
	   |-- com_github_keksuccino_japng 0.5.3
	   \-- com_github_rtyley_animated-gif-lib-for-java animated-gif-lib-1.7
	- geckolib 4.8.2
	- java 21
	- konkrete 1.9.9
	- melody 1.0.10
	- minecraft 1.21.1
	- nofog 1.0
	- offlineskins 1.21.1-v1a-fabric
	- plasmovoice 2.1.8
	   \-- fabric-permissions-api-v0 0.3.1
	- pv-addon-broadcast 1.1.0
	- pv-addon-spectator 1.1.0
	- worldedit 7.3.8+6939-7d32b45
[04:59:22] [main/INFO]: SpongePowered MIXIN Subsystem Version=0.8.7 Source=file:/C:/Users/USUARIO/AppData/Roaming/.minecraft/libraries/net/fabricmc/sponge-mixin/0.16.5+mixin.0.8.7/sponge-mixin-0.16.5+mixin.0.8.7.jar Service=Knot/Fabric Env=CLIENT
[04:59:25] [main/INFO]: Compatibility level set to JAVA_21
[04:59:25] [main/WARN]: Reference map 'ctwg.refmap.json' for chatworking.mixins.json could not be read. If this is a development environment you can ignore this message
[04:59:26] [main/INFO]: Initializing MixinExtras via com.llamalad7.mixinextras.service.MixinExtrasServiceImpl(version=0.5.0).
[04:59:27] [Datafixer Bootstrap/INFO]: 226 Datafixer optimizations took 234 milliseconds
[04:59:32] [Render thread/INFO]: Environment: Environment[sessionHost=https://sessionserver.mojang.com, servicesHost=https://api.minecraftservices.com, name=PROD]
[04:59:32] [Render thread/INFO]: Setting user: Car23m2
[04:59:32] [Render thread/INFO]: Inicializando Chatworking mod
[04:59:32] [Render thread/INFO]: Comando /chatwork registrado
[04:59:32] [Render thread/INFO]: Listener de chat registrado
[04:59:33] [Render thread/INFO]: [DRIPPY LOADING SCREEN] Loading v3.0.12 in client-side mode on FABRIC!
[04:59:33] [Render thread/INFO]: [FANCYMENU] Loading v3.7.0 in client-side mode on FABRIC!
[04:59:33] [Render thread/INFO]: [KONKRETE] Loading v1.9.9 in client-side mode on FABRIC!
[04:59:33] [Render thread/INFO]: ---------------------------
[04:59:33] [Render thread/INFO]: KONKRETE SHIPS AND USES THE FOLLOWING LIBRARIES:
[04:59:33] [Render thread/INFO]:  
[04:59:33] [Render thread/INFO]: Open Imaging Copyright © 2014 Dhyan Blum.
[04:59:33] [Render thread/INFO]: Open Imaging is licensed under Apache-2.0.
[04:59:33] [Render thread/INFO]:  
[04:59:33] [Render thread/INFO]: JsonPath Copyright © 2017 Jayway.
[04:59:33] [Render thread/INFO]: JsonPath is licensed under Apache-2.0.
[04:59:33] [Render thread/INFO]:  
[04:59:33] [Render thread/INFO]: Json-smart Copyright © netplex.
[04:59:33] [Render thread/INFO]: Json-smart is licensed under Apache-2.0.
[04:59:33] [Render thread/INFO]:  
[04:59:33] [Render thread/INFO]: Exp4j Copyright © Frank Asseg.
[04:59:33] [Render thread/INFO]: Exp4j is licensed under Apache-2.0. https://github.com/fasseg/exp4j
[04:59:33] [Render thread/INFO]: ---------------------------
[04:59:33] [Render thread/INFO]: [KONKRETE] Server-side modules initialized and ready to use!
[04:59:33] [Render thread/INFO]: [MELODY] Loading v1.0.10 on FABRIC...
[04:59:33] [Download-2/ERROR]: Failed to fetch user properties
com.mojang.authlib.exceptions.InvalidCredentialsException: Status: 401
	at knot/com.mojang.authlib.exceptions.MinecraftClientHttpException.toAuthenticationException(MinecraftClientHttpException.java:59) ~[authlib-6.0.54.jar:?]
	at knot/com.mojang.authlib.yggdrasil.YggdrasilUserApiService.fetchProperties(YggdrasilUserApiService.java:150) ~[authlib-6.0.54.jar:?]
	at knot/net.minecraft.class_310.method_55608(class_310.java:458) ~[client-intermediary.jar:?]
	at java.base/java.util.concurrent.CompletableFuture$AsyncSupply.run(CompletableFuture.java:1768) ~[?:?]
	at java.base/java.util.concurrent.ThreadPoolExecutor.runWorker(ThreadPoolExecutor.java:1144) ~[?:?]
	at java.base/java.util.concurrent.ThreadPoolExecutor$Worker.run(ThreadPoolExecutor.java:642) ~[?:?]
	at java.base/java.lang.Thread.run(Thread.java:1583) [?:?]
Caused by: com.mojang.authlib.exceptions.MinecraftClientHttpException: Status: 401
	at knot/com.mojang.authlib.minecraft.client.MinecraftClient.readInputStream(MinecraftClient.java:100) ~[authlib-6.0.54.jar:?]
	at knot/com.mojang.authlib.minecraft.client.MinecraftClient.get(MinecraftClient.java:57) ~[authlib-6.0.54.jar:?]
	at knot/com.mojang.authlib.yggdrasil.YggdrasilUserApiService.fetchProperties(YggdrasilUserApiService.java:121) ~[authlib-6.0.54.jar:?]
	... 5 more
[04:59:34] [Render thread/INFO]: Got request to register class com.sk89q.worldedit.fabric.FabricPlatform with WorldEdit [com.sk89q.worldedit.extension.platform.PlatformManager@485e2acd]
[04:59:34] [Render thread/INFO]: WorldEdit for Fabric (version 7.3.8+6939-7d32b45) is loaded
[04:59:34] [Render thread/INFO]: Initializing Distant Horizons client, firing DhApiBeforeDhInitEvent...
[04:59:34] [Render thread/INFO]: Running library validation...
[04:59:34] [Render thread/INFO]: Garbage collectors: [G1 Young Generation, G1 Concurrent GC, G1 Old Generation]
[04:59:34] [Render thread/WARN]: Distant Horizons: G1 Garbage collector detected. 
This garbage collector can cause FPS stuttering. 
It's recommended to use a concurrent garbage collector 
like ZGC (Java 21+) or Shenandoah (Java 8 through 17) for a smoother experience. 

[04:59:34] [Render thread/INFO]: Distant Horizons, Version: 2.4.2-b
[04:59:34] [Render thread/INFO]: Registering Fabric Client Events
[04:59:34] [Render thread/INFO]: Registering Fabric Server Events
[04:59:34] [Render thread/INFO]: Skipping mod compatibility accessor for: [starlight]
[04:59:34] [Render thread/INFO]: Skipping mod compatibility accessor for: [optifine]
[04:59:34] [Render thread/INFO]: Skipping mod compatibility accessor for: [bclib]
[04:59:34] [Render thread/INFO]: Skipping mod compatibility accessor for: [c2me]
[04:59:34] [Render thread/INFO]: Skipping mod compatibility accessor for: [iris]
[04:59:34] [Render thread/INFO]: Initialising config for [DistantHorizons]
[04:59:34] [Render thread/INFO]: [DistantHorizons] Config initialised
[04:59:34] [Render thread/INFO]: Applying config to loggers
[04:59:34] [Render thread/INFO]: Distant Horizons client Initialized.
[04:59:35] [Render thread/INFO]: [Indigo] Registering Indigo renderer!
[04:59:35] [Render thread/INFO]: Backend library: LWJGL version 3.3.3-snapshot
[04:59:36] [Render thread/INFO]: [FANCYMENU] Registering resource reload listener..
[04:59:37] [Render thread/INFO]: fancymenu.mixins.json:client.IMixinRealmsNotificationsScreen from mod fancymenu->@Accessor[FIELD_GETTER]::get_trialAvailable_FancyMenu()Z should be static as its target is
[04:59:37] [Render thread/INFO]: fancymenu.mixins.json:client.IMixinRealmsNotificationsScreen from mod fancymenu->@Accessor[FIELD_GETTER]::get_hasUnreadNews_FancyMenu()Z should be static as its target is
[04:59:37] [Render thread/INFO]: fancymenu.mixins.json:client.IMixinRealmsNotificationsScreen from mod fancymenu->@Accessor[FIELD_GETTER]::get_hasUnseenNotifications()Z should be static as its target is
[04:59:37] [Render thread/INFO]: Reloading ResourceManager: vanilla, fabric, cmdcam, creativecore, distanthorizons, dollmod, drippyloadingscreen, fabric-api, fabric-api-base, fabric-api-lookup-api-v1, fabric-biome-api-v1, fabric-block-api-v1, fabric-block-view-api-v2, fabric-blockrenderlayer-v1, fabric-client-tags-api-v1, fabric-command-api-v1, fabric-command-api-v2, fabric-commands-v0, fabric-content-registries-v0, fabric-convention-tags-v1, fabric-convention-tags-v2, fabric-crash-report-info-v1, fabric-data-attachment-api-v1, fabric-data-generation-api-v1, fabric-dimensions-v1, fabric-entity-events-v1, fabric-events-interaction-v0, fabric-game-rule-api-v1, fabric-item-api-v1, fabric-item-group-api-v1, fabric-key-binding-api-v1, fabric-keybindings-v0, fabric-lifecycle-events-v1, fabric-loot-api-v2, fabric-loot-api-v3, fabric-message-api-v1, fabric-model-loading-api-v1, fabric-networking-api-v1, fabric-object-builder-api-v1, fabric-particles-v1, fabric-recipe-api-v1, fabric-registry-sync-v0, fabric-renderer-api-v1, fabric-renderer-indigo, fabric-renderer-registries-v1, fabric-rendering-data-attachment-v1, fabric-rendering-fluids-v1, fabric-rendering-v0, fabric-rendering-v1, fabric-resource-conditions-api-v1, fabric-resource-loader-v0, fabric-screen-api-v1, fabric-screen-handler-api-v1, fabric-sound-api-v1, fabric-transfer-api-v1, fabric-transitive-access-wideners-v1, fabricloader, fancymenu, konkrete, plasmovoice, worldedit, file/SquidGame_ResourcePack
[04:59:37] [Render thread/INFO]: [FANCYMENU] Initializing screen customization engine! Addons should NOT REGISTER TO REGISTRIES anymore now!
[04:59:37] [Worker-Main-8/INFO]: Found unifont_all_no_pua-15.1.05.hex, loading
[04:59:37] [Worker-Main-9/ERROR]: Invalid path in mod resource-pack dollmod: dollmod:textures/block/TEXTURAS_PENDIENTES.txt, ignoring
[04:59:37] [Worker-Main-7/WARN]: Unsupported geometry json version for model dollmod:geo/arcade.geo.json. Supported versions: 1.12.0
[04:59:37] [Worker-Main-7/WARN]: Unsupported geometry json version for model dollmod:geo/armor/band.geo.json. Supported versions: 1.12.0
[04:59:37] [Worker-Main-7/WARN]: Unsupported geometry json version for model dollmod:geo/bed_frame.geo.json. Supported versions: 1.12.0
[04:59:37] [Worker-Main-7/WARN]: Unsupported geometry json version for model dollmod:geo/bowl_empty.geo.json. Supported versions: 1.12.0
[04:59:37] [Worker-Main-1/ERROR]: Failed to load model dollmod:models/block/elevator_door.json
com.google.gson.JsonParseException: JSON data was null or empty
	at knot/net.minecraft.class_3518.method_15267(class_3518.java:534) ~[client-intermediary.jar:?]
	at knot/net.minecraft.class_3518.method_15276(class_3518.java:582) ~[client-intermediary.jar:?]
	at knot/net.minecraft.class_793.method_3437(class_793.java:86) ~[client-intermediary.jar:?]
	at knot/net.minecraft.class_1092.method_45898(class_1092.java:105) ~[client-intermediary.jar:?]
	at java.base/java.util.concurrent.CompletableFuture$AsyncSupply.run(CompletableFuture.java:1768) [?:?]
	at java.base/java.util.concurrent.CompletableFuture$AsyncSupply.exec(CompletableFuture.java:1760) [?:?]
	at java.base/java.util.concurrent.ForkJoinTask.doExec(ForkJoinTask.java:387) [?:?]
	at java.base/java.util.concurrent.ForkJoinPool$WorkQueue.topLevelExec(ForkJoinPool.java:1312) [?:?]
	at java.base/java.util.concurrent.ForkJoinPool.scan(ForkJoinPool.java:1843) [?:?]
	at java.base/java.util.concurrent.ForkJoinPool.runWorker(ForkJoinPool.java:1808) [?:?]
	at java.base/java.util.concurrent.ForkJoinWorkerThread.run(ForkJoinWorkerThread.java:188) [?:?]
[04:59:37] [Worker-Main-5/WARN]: Unsupported geometry json version for model dollmod:geo/bowl_food.geo.json. Supported versions: 1.12.0
[04:59:37] [Worker-Main-7/WARN]: Unsupported geometry json version for model dollmod:geo/broken_bottle.geo.json. Supported versions: 1.12.0
[04:59:37] [Worker-Main-5/WARN]: Unsupported geometry json version for model dollmod:geo/camera_shoot.geo.json. Supported versions: 1.12.0
[04:59:37] [Worker-Main-7/WARN]: Unsupported geometry json version for model dollmod:geo/camera.geo.json. Supported versions: 1.12.0
[04:59:37] [Worker-Main-7/WARN]: Unsupported geometry json version: 1.21.0 for model dollmod:geo/cookie_circle.geo.json. Supported versions: 1.12.0. Remove any rotated face UVs and re-export the model to fix
[04:59:37] [Worker-Main-5/WARN]: Unsupported geometry json version: 1.21.0 for model dollmod:geo/cookie_creeper.geo.json. Supported versions: 1.12.0. Remove any rotated face UVs and re-export the model to fix
[04:59:37] [Worker-Main-7/WARN]: Unsupported geometry json version: 1.21.0 for model dollmod:geo/cookie_squid.geo.json. Supported versions: 1.12.0. Remove any rotated face UVs and re-export the model to fix
[04:59:37] [Worker-Main-5/WARN]: Unsupported geometry json version for model dollmod:geo/corpse.geo.json. Supported versions: 1.12.0
[04:59:37] [Worker-Main-7/WARN]: Unsupported geometry json version for model dollmod:geo/full_water_bottle.geo.json. Supported versions: 1.12.0
[04:59:37] [Worker-Main-7/WARN]: Unsupported geometry json version: 1.21.0 for model dollmod:geo/hecdj.geo.json. Supported versions: 1.12.0. Remove any rotated face UVs and re-export the model to fix
[04:59:37] [Worker-Main-7/WARN]: Unsupported geometry json version for model dollmod:geo/knife.geo.json. Supported versions: 1.12.0
[04:59:37] [Worker-Main-7/WARN]: Unsupported geometry json version for model dollmod:geo/light_in_the_wall.geo.json. Supported versions: 1.12.0
[04:59:37] [Worker-Main-5/WARN]: Unsupported geometry json version for model dollmod:geo/light_one.geo.json. Supported versions: 1.12.0
[04:59:37] [Worker-Main-5/WARN]: Unsupported geometry json version for model dollmod:geo/mirror.geo.json. Supported versions: 1.12.0
[04:59:37] [Worker-Main-7/WARN]: Unsupported geometry json version for model dollmod:geo/post.geo.json. Supported versions: 1.12.0
[04:59:37] [Worker-Main-5/WARN]: Unsupported geometry json version for model dollmod:geo/post_three.geo.json. Supported versions: 1.12.0
[04:59:37] [Worker-Main-7/WARN]: Unsupported geometry json version for model dollmod:geo/post_two.geo.json. Supported versions: 1.12.0
[04:59:37] [Worker-Main-7/WARN]: Unsupported geometry json version for model dollmod:geo/security_camera.geo.json. Supported versions: 1.12.0
[04:59:37] [Worker-Main-5/WARN]: Unsupported geometry json version: 1.21.0 for model dollmod:geo/small_light.geo.json. Supported versions: 1.12.0. Remove any rotated face UVs and re-export the model to fix
[04:59:37] [Worker-Main-7/WARN]: Unsupported geometry json version for model dollmod:geo/speaker.geo.json. Supported versions: 1.12.0
[04:59:37] [Worker-Main-5/WARN]: Unsupported geometry json version for model dollmod:geo/tube_one.geo.json. Supported versions: 1.12.0
[04:59:37] [Worker-Main-7/WARN]: Unsupported geometry json version for model dollmod:geo/tube_two.geo.json. Supported versions: 1.12.0
[04:59:37] [Worker-Main-7/WARN]: Unsupported geometry json version for model dollmod:geo/window.geo.json. Supported versions: 1.12.0
[04:59:37] [Worker-Main-5/WARN]: Unsupported geometry json version for model dollmod:geo/washbasin_guard.geo.json. Supported versions: 1.12.0
[04:59:37] [Worker-Main-2/WARN]: Unsupported geometry json version for model dollmod:geo/washbasin.geo.json. Supported versions: 1.12.0
[04:59:37] [Worker-Main-10/INFO]: Found unifont_jp_patch-15.1.05.hex, loading
[04:59:37] [Worker-Main-3/WARN]: Texture minecraft:block/torch with size 1x8 limits mip level from 4 to 0
[04:59:37] [Worker-Main-3/WARN]: minecraft:textures/atlas/blocks.png: dropping miplevel from 4 to 0, because of minimum power of two: 1
[04:59:38] [Render thread/INFO]: [DRIPPY LOADING SCREEN] Initializing fonts for text rendering..
[04:59:38] [Render thread/INFO]: [FANCYMENU] ScreenCustomizationLayer registered: drippy_loading_overlay
[04:59:38] [Render thread/INFO]: [FANCYMENU] Starting late client initialization phase..
[04:59:38] [Render thread/INFO]: [FANCYMENU] Custom window icon successfully updated!
[04:59:38] [Render thread/INFO]: [KONKRETE] Client-side modules initialized and ready to use!
[04:59:38] [Render thread/INFO]: Running Delayed setup...
[04:59:38] [Render thread/INFO]: Delayed setup complete, firing DhApiAfterDhInitEvent event...
[04:59:38] [Render thread/INFO]: [FANCYMENU] Custom window icon successfully updated!
[04:59:38] [Worker-Main-11/INFO]: Found unifont_jp_patch-15.1.05.hex, loading
[04:59:38] [Worker-Main-3/INFO]: Found unifont_all_no_pua-15.1.05.hex, loading
[04:59:38] [Worker-Main-1/WARN]: Exception loading blockstate definition: 'dollmod:blockstates/coffin.json' missing model for variant: 'dollmod:coffin#facing=south'
[04:59:38] [Worker-Main-1/WARN]: Exception loading blockstate definition: 'dollmod:blockstates/coffin.json' missing model for variant: 'dollmod:coffin#facing=east'
[04:59:38] [Worker-Main-1/WARN]: Exception loading blockstate definition: 'dollmod:blockstates/coffin.json' missing model for variant: 'dollmod:coffin#facing=north'
[04:59:38] [Worker-Main-1/WARN]: Exception loading blockstate definition: 'dollmod:blockstates/coffin.json' missing model for variant: 'dollmod:coffin#facing=west'
[04:59:38] [Worker-Main-1/WARN]: Exception loading blockstate definition: 'dollmod:blockstates/window.json' missing model for variant: 'dollmod:window#facing=south'
[04:59:38] [Worker-Main-1/WARN]: Exception loading blockstate definition: 'dollmod:blockstates/window.json' missing model for variant: 'dollmod:window#facing=east'
[04:59:38] [Worker-Main-1/WARN]: Exception loading blockstate definition: 'dollmod:blockstates/window.json' missing model for variant: 'dollmod:window#facing=north'
[04:59:38] [Worker-Main-1/WARN]: Exception loading blockstate definition: 'dollmod:blockstates/window.json' missing model for variant: 'dollmod:window#facing=west'
[04:59:38] [Worker-Main-1/WARN]: Exception loading blockstate definition: 'dollmod:blockstates/mirror.json' missing model for variant: 'dollmod:mirror#facing=east'
[04:59:38] [Worker-Main-1/WARN]: Exception loading blockstate definition: 'dollmod:blockstates/mirror.json' missing model for variant: 'dollmod:mirror#facing=north'
[04:59:38] [Worker-Main-1/WARN]: Exception loading blockstate definition: 'dollmod:blockstates/mirror.json' missing model for variant: 'dollmod:mirror#facing=south'
[04:59:38] [Worker-Main-1/WARN]: Exception loading blockstate definition: 'dollmod:blockstates/mirror.json' missing model for variant: 'dollmod:mirror#facing=west'
[04:59:38] [Worker-Main-1/WARN]: Exception loading blockstate definition: 'dollmod:blockstates/speaker.json' missing model for variant: 'dollmod:speaker#facing=west'
[04:59:38] [Worker-Main-1/WARN]: Exception loading blockstate definition: 'dollmod:blockstates/speaker.json' missing model for variant: 'dollmod:speaker#facing=east'
[04:59:38] [Worker-Main-1/WARN]: Exception loading blockstate definition: 'dollmod:blockstates/speaker.json' missing model for variant: 'dollmod:speaker#facing=north'
[04:59:38] [Worker-Main-1/WARN]: Exception loading blockstate definition: 'dollmod:blockstates/speaker.json' missing model for variant: 'dollmod:speaker#facing=south'
[04:59:38] [Worker-Main-1/WARN]: Exception loading blockstate definition: 'dollmod:blockstates/glass_block.json' missing model for variant: 'dollmod:glass_block#'
[04:59:38] [Worker-Main-1/WARN]: Exception loading blockstate definition: 'dollmod:blockstates/breakable_glass.json' missing model for variant: 'dollmod:breakable_glass#'
[04:59:38] [Worker-Main-1/WARN]: Exception loading blockstate definition: 'dollmod:blockstates/fence_block.json' missing model for variant: 'dollmod:fence_block#facing=east'
[04:59:38] [Worker-Main-1/WARN]: Exception loading blockstate definition: 'dollmod:blockstates/fence_block.json' missing model for variant: 'dollmod:fence_block#facing=north'
[04:59:38] [Worker-Main-1/WARN]: Exception loading blockstate definition: 'dollmod:blockstates/fence_block.json' missing model for variant: 'dollmod:fence_block#facing=south'
[04:59:38] [Worker-Main-1/WARN]: Exception loading blockstate definition: 'dollmod:blockstates/fence_block.json' missing model for variant: 'dollmod:fence_block#facing=west'
[04:59:38] [Worker-Main-1/WARN]: Exception loading blockstate definition: 'dollmod:blockstates/security_camera.json' missing model for variant: 'dollmod:security_camera#facing=south'
[04:59:38] [Worker-Main-1/WARN]: Exception loading blockstate definition: 'dollmod:blockstates/security_camera.json' missing model for variant: 'dollmod:security_camera#facing=east'
[04:59:38] [Worker-Main-1/WARN]: Exception loading blockstate definition: 'dollmod:blockstates/security_camera.json' missing model for variant: 'dollmod:security_camera#facing=west'
[04:59:38] [Worker-Main-1/WARN]: Exception loading blockstate definition: 'dollmod:blockstates/security_camera.json' missing model for variant: 'dollmod:security_camera#facing=north'
[04:59:38] [Worker-Main-1/WARN]: Exception loading blockstate definition: 'dollmod:blockstates/lamp.json' missing model for variant: 'dollmod:lamp#'
[04:59:38] [Worker-Main-1/WARN]: Exception loading blockstate definition: 'dollmod:blockstates/washbasin.json' missing model for variant: 'dollmod:washbasin#facing=west'
[04:59:38] [Worker-Main-1/WARN]: Exception loading blockstate definition: 'dollmod:blockstates/washbasin.json' missing model for variant: 'dollmod:washbasin#facing=north'
[04:59:38] [Worker-Main-1/WARN]: Exception loading blockstate definition: 'dollmod:blockstates/washbasin.json' missing model for variant: 'dollmod:washbasin#facing=south'
[04:59:38] [Worker-Main-1/WARN]: Exception loading blockstate definition: 'dollmod:blockstates/washbasin.json' missing model for variant: 'dollmod:washbasin#facing=east'
[04:59:38] [Worker-Main-1/WARN]: Exception loading blockstate definition: 'dollmod:blockstates/washbasin_guard.json' missing model for variant: 'dollmod:washbasin_guard#facing=south'
[04:59:38] [Worker-Main-1/WARN]: Exception loading blockstate definition: 'dollmod:blockstates/washbasin_guard.json' missing model for variant: 'dollmod:washbasin_guard#facing=north'
[04:59:38] [Worker-Main-1/WARN]: Exception loading blockstate definition: 'dollmod:blockstates/washbasin_guard.json' missing model for variant: 'dollmod:washbasin_guard#facing=west'
[04:59:38] [Worker-Main-1/WARN]: Exception loading blockstate definition: 'dollmod:blockstates/washbasin_guard.json' missing model for variant: 'dollmod:washbasin_guard#facing=east'
[04:59:38] [Worker-Main-1/WARN]: Exception loading blockstate definition: 'dollmod:blockstates/camera.json' missing model for variant: 'dollmod:camera#facing=west'
[04:59:38] [Worker-Main-1/WARN]: Exception loading blockstate definition: 'dollmod:blockstates/camera.json' missing model for variant: 'dollmod:camera#facing=south'
[04:59:38] [Worker-Main-1/WARN]: Exception loading blockstate definition: 'dollmod:blockstates/camera.json' missing model for variant: 'dollmod:camera#facing=north'
[04:59:38] [Worker-Main-1/WARN]: Exception loading blockstate definition: 'dollmod:blockstates/camera.json' missing model for variant: 'dollmod:camera#facing=east'
[04:59:38] [Worker-Main-1/WARN]: Exception loading blockstate definition: 'dollmod:blockstates/camera_shoot.json' missing model for variant: 'dollmod:camera_shoot#facing=west'
[04:59:38] [Worker-Main-1/WARN]: Exception loading blockstate definition: 'dollmod:blockstates/camera_shoot.json' missing model for variant: 'dollmod:camera_shoot#facing=south'
[04:59:38] [Worker-Main-1/WARN]: Exception loading blockstate definition: 'dollmod:blockstates/camera_shoot.json' missing model for variant: 'dollmod:camera_shoot#facing=east'
[04:59:38] [Worker-Main-1/WARN]: Exception loading blockstate definition: 'dollmod:blockstates/camera_shoot.json' missing model for variant: 'dollmod:camera_shoot#facing=north'
[04:59:38] [Worker-Main-1/WARN]: Exception loading blockstate definition: 'dollmod:blockstates/light_one.json' missing model for variant: 'dollmod:light_one#facing=down'
[04:59:38] [Worker-Main-1/WARN]: Exception loading blockstate definition: 'dollmod:blockstates/light_one.json' missing model for variant: 'dollmod:light_one#facing=east'
[04:59:38] [Worker-Main-1/WARN]: Exception loading blockstate definition: 'dollmod:blockstates/light_one.json' missing model for variant: 'dollmod:light_one#facing=west'
[04:59:38] [Worker-Main-1/WARN]: Exception loading blockstate definition: 'dollmod:blockstates/light_one.json' missing model for variant: 'dollmod:light_one#facing=south'
[04:59:38] [Worker-Main-1/WARN]: Exception loading blockstate definition: 'dollmod:blockstates/light_one.json' missing model for variant: 'dollmod:light_one#facing=north'
[04:59:38] [Worker-Main-1/WARN]: Exception loading blockstate definition: 'dollmod:blockstates/light_one.json' missing model for variant: 'dollmod:light_one#facing=up'
[04:59:38] [Worker-Main-1/WARN]: Exception loading blockstate definition: 'dollmod:blockstates/light_post.json' missing model for variant: 'dollmod:light_post#'
[04:59:38] [Worker-Main-1/WARN]: Exception loading blockstate definition: 'dollmod:blockstates/light_in_wall.json' missing model for variant: 'dollmod:light_in_wall#facing=south'
[04:59:38] [Worker-Main-1/WARN]: Exception loading blockstate definition: 'dollmod:blockstates/light_in_wall.json' missing model for variant: 'dollmod:light_in_wall#facing=east'
[04:59:38] [Worker-Main-1/WARN]: Exception loading blockstate definition: 'dollmod:blockstates/light_in_wall.json' missing model for variant: 'dollmod:light_in_wall#facing=west'
[04:59:38] [Worker-Main-1/WARN]: Exception loading blockstate definition: 'dollmod:blockstates/light_in_wall.json' missing model for variant: 'dollmod:light_in_wall#facing=north'
[04:59:38] [Worker-Main-1/WARN]: Exception loading blockstate definition: 'dollmod:blockstates/small_light.json' missing model for variant: 'dollmod:small_light#facing=west'
[04:59:38] [Worker-Main-1/WARN]: Exception loading blockstate definition: 'dollmod:blockstates/small_light.json' missing model for variant: 'dollmod:small_light#facing=south'
[04:59:38] [Worker-Main-1/WARN]: Exception loading blockstate definition: 'dollmod:blockstates/small_light.json' missing model for variant: 'dollmod:small_light#facing=east'
[04:59:38] [Worker-Main-1/WARN]: Exception loading blockstate definition: 'dollmod:blockstates/small_light.json' missing model for variant: 'dollmod:small_light#facing=north'
[04:59:38] [Worker-Main-1/WARN]: Unable to load model: 'dollmod:block/elevator_door' referenced from: dollmod:block/elevator_door: java.io.FileNotFoundException: dollmod:models/block/elevator_door.json
[04:59:38] [Worker-Main-1/WARN]: Unable to load model: 'dollmod:item/fence_block' referenced from: dollmod:item/fence_block: java.io.FileNotFoundException: dollmod:models/item/fence_block.json
[04:59:38] [Worker-Main-1/WARN]: Unable to load model: 'dollmod:item/cookie_table_squid_spawn_egg' referenced from: dollmod:item/cookie_table_squid_spawn_egg: java.io.FileNotFoundException: dollmod:models/item/cookie_table_squid_spawn_egg.json
[04:59:38] [Worker-Main-1/WARN]: Unable to load model: 'dollmod:item/breakable_glass' referenced from: dollmod:item/breakable_glass: java.io.FileNotFoundException: dollmod:models/item/breakable_glass.json
[04:59:38] [Worker-Main-1/WARN]: Unable to load model: 'dollmod:item/lamp' referenced from: dollmod:item/lamp: java.io.FileNotFoundException: dollmod:models/item/lamp.json
[04:59:38] [Worker-Main-1/WARN]: Unable to load model: 'dollmod:item/camera' referenced from: dollmod:item/camera: java.io.FileNotFoundException: dollmod:models/item/camera.json
[04:59:38] [Worker-Main-1/WARN]: Unable to load model: 'dollmod:item/washbasin_guard' referenced from: dollmod:item/washbasin_guard: java.io.FileNotFoundException: dollmod:models/item/washbasin_guard.json
[04:59:38] [Worker-Main-1/WARN]: Unable to load model: 'dollmod:item/security_camera' referenced from: dollmod:item/security_camera: java.io.FileNotFoundException: dollmod:models/item/security_camera.json
[04:59:38] [Worker-Main-1/WARN]: Unable to load model: 'dollmod:item/speaker' referenced from: dollmod:item/speaker: java.io.FileNotFoundException: dollmod:models/item/speaker.json
[04:59:38] [Worker-Main-1/WARN]: Unable to load model: 'dollmod:item/cookie_table_creeper_spawn_egg' referenced from: dollmod:item/cookie_table_creeper_spawn_egg: java.io.FileNotFoundException: dollmod:models/item/cookie_table_creeper_spawn_egg.json
[04:59:38] [Worker-Main-1/WARN]: Unable to load model: 'dollmod:item/camera_shoot' referenced from: dollmod:item/camera_shoot: java.io.FileNotFoundException: dollmod:models/item/camera_shoot.json
[04:59:38] [Worker-Main-1/WARN]: Unable to load model: 'dollmod:item/small_light' referenced from: dollmod:item/small_light: java.io.FileNotFoundException: dollmod:models/item/small_light.json
[04:59:38] [Worker-Main-1/WARN]: Unable to load model: 'dollmod:item/doll_spawn_egg' referenced from: dollmod:item/doll_spawn_egg: java.io.FileNotFoundException: dollmod:models/item/doll_spawn_egg.json
[04:59:38] [Worker-Main-1/WARN]: Unable to load model: 'dollmod:item/cookie_table_circle_spawn_egg' referenced from: dollmod:item/cookie_table_circle_spawn_egg: java.io.FileNotFoundException: dollmod:models/item/cookie_table_circle_spawn_egg.json
[04:59:38] [Worker-Main-1/WARN]: Unable to load model: 'dollmod:item/washbasin' referenced from: dollmod:item/washbasin: java.io.FileNotFoundException: dollmod:models/item/washbasin.json
[04:59:38] [Worker-Main-1/WARN]: Unable to load model: 'dollmod:item/mirror' referenced from: dollmod:item/mirror: java.io.FileNotFoundException: dollmod:models/item/mirror.json
[04:59:38] [Worker-Main-1/WARN]: Unable to load model: 'dollmod:item/window' referenced from: dollmod:item/window: java.io.FileNotFoundException: dollmod:models/item/window.json
[04:59:38] [Worker-Main-1/WARN]: Unable to load model: 'dollmod:item/telephone_spawn_egg' referenced from: dollmod:item/telephone_spawn_egg: java.io.FileNotFoundException: dollmod:models/item/telephone_spawn_egg.json
[04:59:38] [Worker-Main-1/WARN]: Unable to load model: 'dollmod:item/light_post' referenced from: dollmod:item/light_post: java.io.FileNotFoundException: dollmod:models/item/light_post.json
[04:59:38] [Worker-Main-1/WARN]: Unable to load model: 'dollmod:item/glass_block' referenced from: dollmod:item/glass_block: java.io.FileNotFoundException: dollmod:models/item/glass_block.json
[04:59:38] [Worker-Main-1/WARN]: Unable to load model: 'dollmod:item/light_one' referenced from: dollmod:item/light_one: java.io.FileNotFoundException: dollmod:models/item/light_one.json
[04:59:38] [Worker-Main-1/WARN]: Unable to load model: 'dollmod:item/coffin' referenced from: dollmod:item/coffin: java.io.FileNotFoundException: dollmod:models/item/coffin.json
[04:59:38] [Worker-Main-1/WARN]: Unable to load model: 'dollmod:item/light_in_wall' referenced from: dollmod:item/light_in_wall: java.io.FileNotFoundException: dollmod:models/item/light_in_wall.json
[04:59:38] [Worker-Main-1/WARN]: Unable to load model: 'dollmod:item/cuerda_spawn_egg' referenced from: dollmod:item/cuerda_spawn_egg: java.io.FileNotFoundException: dollmod:models/item/cuerda_spawn_egg.json
[04:59:39] [Render thread/WARN]: Missing sound for event: minecraft:item.goat_horn.play
[04:59:39] [Render thread/WARN]: Missing sound for event: minecraft:entity.goat.screaming.horn_break
[04:59:39] [Render thread/INFO]: OpenAL initialized on device OpenAL Soft on Altavoces (WG1)
[04:59:39] [Render thread/INFO]: Sound engine started
[04:59:39] [Render thread/INFO]: [FANCYMENU] Reloading AudioResourceHandler after Minecraft SoundEngine reload..
[04:59:39] [Render thread/INFO]: Created: 4096x2048x0 minecraft:textures/atlas/blocks.png-atlas
[04:59:39] [Render thread/INFO]: Created: 256x256x4 minecraft:textures/atlas/signs.png-atlas
[04:59:39] [Render thread/INFO]: Created: 512x512x4 minecraft:textures/atlas/banner_patterns.png-atlas
[04:59:39] [Render thread/INFO]: Created: 512x512x4 minecraft:textures/atlas/shield_patterns.png-atlas
[04:59:39] [Render thread/INFO]: Created: 1024x1024x4 minecraft:textures/atlas/armor_trims.png-atlas
[04:59:39] [Render thread/INFO]: Created: 256x256x4 minecraft:textures/atlas/chest.png-atlas
[04:59:39] [Render thread/INFO]: Created: 128x64x4 minecraft:textures/atlas/decorated_pot.png-atlas
[04:59:39] [Render thread/INFO]: Created: 512x256x4 minecraft:textures/atlas/beds.png-atlas
[04:59:39] [Render thread/INFO]: Created: 512x256x4 minecraft:textures/atlas/shulker_boxes.png-atlas
[04:59:40] [Render thread/INFO]: Created: 512x256x0 minecraft:textures/atlas/particles.png-atlas
[04:59:40] [Render thread/INFO]: Created: 512x256x0 minecraft:textures/atlas/paintings.png-atlas
[04:59:40] [Render thread/INFO]: Created: 1024x512x0 minecraft:textures/atlas/mob_effects.png-atlas
[04:59:40] [Render thread/INFO]: Created: 64x64x0 minecraft:textures/atlas/map_decorations.png-atlas
[04:59:40] [Render thread/INFO]: Created: 1024x512x0 minecraft:textures/atlas/gui.png-atlas
[04:59:40] [Render thread/WARN]: Shader rendertype_entity_translucent_emissive could not find sampler named Sampler2 in the specified shader program.
[04:59:40] [Render thread/INFO]: [FANCYMENU] Reloading resources..
[04:59:40] [Render thread/INFO]: [FANCYMENU] Pre-loading resources..
[04:59:40] [Render thread/INFO]: [FANCYMENU] Minecraft resource reload: FINISHED
[04:59:40] [Render thread/INFO]: Checking for Distant Horizons update
[04:59:40] [Render thread/INFO]: New version (2.4.5-b) of Distant Horizons is available
[04:59:40] [Render thread/INFO]: Download link: https://cdn.modrinth.com/data/uCdwusMi/versions/bLPLghy9/DistantHorizons-2.4.5-b-1.21.1-fabric-neoforge.jar
[04:59:40] [Render thread/INFO]: [FANCYMENU] ScreenCustomizationLayer registered: title_screen
[04:59:41] [IO-Worker-1/INFO]: Could not authorize you against Realms server: java.lang.RuntimeException: Failed to parse into SignedJWT: 0
[04:59:41] [IO-Worker-1/ERROR]: Couldn't connect to realms
net.minecraft.class_4355: Realms authentication error with message 'java.lang.RuntimeException: Failed to parse into SignedJWT: 0'
	at knot/net.minecraft.class_4341.method_20998(class_4341.java:447) ~[client-intermediary.jar:?]
	at knot/net.minecraft.class_4341.method_21027(class_4341.java:232) ~[client-intermediary.jar:?]
	at knot/net.minecraft.class_8647.method_52627(class_8647.java:51) ~[client-intermediary.jar:?]
	at java.base/java.util.concurrent.CompletableFuture$AsyncSupply.run(CompletableFuture.java:1768) ~[?:?]
	at java.base/java.util.concurrent.ThreadPoolExecutor.runWorker(ThreadPoolExecutor.java:1144) ~[?:?]
	at java.base/java.util.concurrent.ThreadPoolExecutor$Worker.run(ThreadPoolExecutor.java:642) ~[?:?]
	at java.base/java.lang.Thread.run(Thread.java:1583) [?:?]
[05:00:06] [Render thread/INFO]: [FANCYMENU] ScreenCustomizationLayer registered: options_screen
[05:00:11] [Render thread/INFO]: Stopping!
[05:00:11] [Render thread/INFO]: Shutting down
[05:00:11] [Render thread/INFO]: [FANCYMENU] ScreenCustomizationLayer registered: progress_screen
